<?xml version="1.0" encoding="UTF-8"?>
<testsuite name="pt.up.fe.ldts.example5.TurtleSpockTest" tests="3" skipped="0" failures="0" errors="0" timestamp="2022-11-28T21:58:27" hostname="LAPTOP-PHAM7UGQ" time="0.01">
  <properties/>
  <testcase name="Rotate Left" classname="pt.up.fe.ldts.example5.TurtleSpockTest" time="0.006"/>
  <testcase name="Rotate Right" classname="pt.up.fe.ldts.example5.TurtleSpockTest" time="0.001"/>
  <testcase name="Forward" classname="pt.up.fe.ldts.example5.TurtleSpockTest" time="0.002"/>
  <system-out><![CDATA[]]></system-out>
  <system-err><![CDATA[]]></system-err>
</testsuite>
